{"/home/mickael/dev/colorpicker/src/components/FloatingAddButton/index.js": {"path":"/home/mickael/dev/colorpicker/src/components/FloatingAddButton/index.js","statementMap":{"0":{"start":{"line":5,"column":26},"end":{"line":16,"column":1}},"1":{"start":{"line":6,"column":2},"end":{"line":15,"column":4}}},"fnMap":{"0":{"name":"(anonymous_0)","decl":{"start":{"line":5,"column":26},"end":{"line":5,"column":27}},"loc":{"start":{"line":5,"column":35},"end":{"line":16,"column":1}},"line":5}},"branchMap":{},"s":{"0":2,"1":2},"f":{"0":2},"b":{},"_coverageSchema":"1a1c01bbd47fc00a2c39e90264f33305004495a9","hash":"ceb73b7b472d4b1fda936f8983e42a1aad256fa1"}
,"/home/mickael/dev/colorpicker/src/components/FloatingAddButton/style.js": {"path":"/home/mickael/dev/colorpicker/src/components/FloatingAddButton/style.js","statementMap":{"0":{"start":{"line":3,"column":14},"end":{"line":9,"column":2}}},"fnMap":{},"branchMap":{},"s":{"0":2},"f":{},"b":{},"_coverageSchema":"1a1c01bbd47fc00a2c39e90264f33305004495a9","hash":"8e01e725431e309bc9d6f6955f032f5d99615cb5"}
,"/home/mickael/dev/colorpicker/src/contexts/ColorContext.js": {"path":"/home/mickael/dev/colorpicker/src/contexts/ColorContext.js","statementMap":{"0":{"start":{"line":4,"column":28},"end":{"line":4,"column":49}},"1":{"start":{"line":6,"column":29},"end":{"line":11,"column":1}},"2":{"start":{"line":7,"column":28},"end":{"line":7,"column":60}},"3":{"start":{"line":8,"column":2},"end":{"line":10,"column":27}}},"fnMap":{"0":{"name":"(anonymous_0)","decl":{"start":{"line":6,"column":29},"end":{"line":6,"column":30}},"loc":{"start":{"line":6,"column":47},"end":{"line":11,"column":1}},"line":6}},"branchMap":{},"s":{"0":4,"1":4,"2":9,"3":9},"f":{"0":9},"b":{},"_coverageSchema":"1a1c01bbd47fc00a2c39e90264f33305004495a9","hash":"a01969931b99e99dda4c126386e3e330b31aac25"}
,"/home/mickael/dev/colorpicker/src/contexts/LanguageContext.js": {"path":"/home/mickael/dev/colorpicker/src/contexts/LanguageContext.js","statementMap":{"0":{"start":{"line":5,"column":31},"end":{"line":5,"column":52}},"1":{"start":{"line":7,"column":32},"end":{"line":22,"column":1}},"2":{"start":{"line":8,"column":28},"end":{"line":8,"column":60}},"3":{"start":{"line":10,"column":2},"end":{"line":17,"column":9}},"4":{"start":{"line":12,"column":6},"end":{"line":12,"column":64}},"5":{"start":{"line":13,"column":4},"end":{"line":16,"column":7}},"6":{"start":{"line":19,"column":2},"end":{"line":21,"column":30}}},"fnMap":{"0":{"name":"(anonymous_0)","decl":{"start":{"line":7,"column":32},"end":{"line":7,"column":33}},"loc":{"start":{"line":7,"column":50},"end":{"line":22,"column":1}},"line":7},"1":{"name":"(anonymous_1)","decl":{"start":{"line":10,"column":12},"end":{"line":10,"column":13}},"loc":{"start":{"line":10,"column":18},"end":{"line":17,"column":3}},"line":10}},"branchMap":{},"s":{"0":4,"1":4,"2":3,"3":3,"4":2,"5":2,"6":3},"f":{"0":3,"1":2},"b":{},"_coverageSchema":"1a1c01bbd47fc00a2c39e90264f33305004495a9","hash":"85e11e360e4b029e1c54f49a6f53f446770f9796"}
,"/home/mickael/dev/colorpicker/src/hooks/index.js": {"path":"/home/mickael/dev/colorpicker/src/hooks/index.js","statementMap":{"0":{"start":{"line":7,"column":32},"end":{"line":7,"column":41}},"1":{"start":{"line":8,"column":29},"end":{"line":8,"column":38}},"2":{"start":{"line":10,"column":25},"end":{"line":10,"column":55}},"3":{"start":{"line":10,"column":31},"end":{"line":10,"column":55}},"4":{"start":{"line":11,"column":25},"end":{"line":11,"column":58}},"5":{"start":{"line":11,"column":31},"end":{"line":11,"column":58}}},"fnMap":{"0":{"name":"(anonymous_0)","decl":{"start":{"line":10,"column":25},"end":{"line":10,"column":26}},"loc":{"start":{"line":10,"column":31},"end":{"line":10,"column":55}},"line":10},"1":{"name":"(anonymous_1)","decl":{"start":{"line":11,"column":25},"end":{"line":11,"column":26}},"loc":{"start":{"line":11,"column":31},"end":{"line":11,"column":58}},"line":11}},"branchMap":{},"s":{"0":4,"1":4,"2":4,"3":17,"4":4,"5":8},"f":{"0":17,"1":8},"b":{},"_coverageSchema":"1a1c01bbd47fc00a2c39e90264f33305004495a9","hash":"d4b5fc63e3501579f9c60470c4d74a615bc2d54d"}
,"/home/mickael/dev/colorpicker/src/reducers/colorReducer.js": {"path":"/home/mickael/dev/colorpicker/src/reducers/colorReducer.js","statementMap":{"0":{"start":{"line":3,"column":27},"end":{"line":3,"column":29}},"1":{"start":{"line":5,"column":23},"end":{"line":8,"column":2}},"2":{"start":{"line":10,"column":23},"end":{"line":19,"column":1}},"3":{"start":{"line":11,"column":2},"end":{"line":18,"column":3}},"4":{"start":{"line":13,"column":6},"end":{"line":13,"column":45}},"5":{"start":{"line":15,"column":6},"end":{"line":15,"column":48}},"6":{"start":{"line":17,"column":6},"end":{"line":17,"column":19}},"7":{"start":{"line":21,"column":17},"end":{"line":33,"column":1}},"8":{"start":{"line":22,"column":37},"end":{"line":22,"column":44}},"9":{"start":{"line":23,"column":15},"end":{"line":23,"column":45}},"10":{"start":{"line":24,"column":2},"end":{"line":32,"column":4}},"11":{"start":{"line":35,"column":18},"end":{"line":38,"column":36}},"12":{"start":{"line":36,"column":2},"end":{"line":38,"column":36}},"13":{"start":{"line":40,"column":20},"end":{"line":41,"column":48}},"14":{"start":{"line":41,"column":2},"end":{"line":41,"column":48}},"15":{"start":{"line":41,"column":24},"end":{"line":41,"column":47}}},"fnMap":{"0":{"name":"(anonymous_0)","decl":{"start":{"line":10,"column":23},"end":{"line":10,"column":24}},"loc":{"start":{"line":10,"column":42},"end":{"line":19,"column":1}},"line":10},"1":{"name":"(anonymous_1)","decl":{"start":{"line":21,"column":17},"end":{"line":21,"column":18}},"loc":{"start":{"line":21,"column":37},"end":{"line":33,"column":1}},"line":21},"2":{"name":"(anonymous_2)","decl":{"start":{"line":35,"column":18},"end":{"line":35,"column":19}},"loc":{"start":{"line":36,"column":2},"end":{"line":38,"column":36}},"line":36},"3":{"name":"(anonymous_3)","decl":{"start":{"line":40,"column":20},"end":{"line":40,"column":21}},"loc":{"start":{"line":41,"column":2},"end":{"line":41,"column":48}},"line":41},"4":{"name":"(anonymous_4)","decl":{"start":{"line":41,"column":15},"end":{"line":41,"column":16}},"loc":{"start":{"line":41,"column":24},"end":{"line":41,"column":47}},"line":41}},"branchMap":{"0":{"loc":{"start":{"line":11,"column":2},"end":{"line":18,"column":3}},"type":"switch","locations":[{"start":{"line":12,"column":4},"end":{"line":13,"column":45}},{"start":{"line":14,"column":4},"end":{"line":15,"column":48}},{"start":{"line":16,"column":4},"end":{"line":17,"column":19}}],"line":11},"1":{"loc":{"start":{"line":29,"column":12},"end":{"line":29,"column":24}},"type":"binary-expr","locations":[{"start":{"line":29,"column":12},"end":{"line":29,"column":16}},{"start":{"line":29,"column":20},"end":{"line":29,"column":24}}],"line":29},"2":{"loc":{"start":{"line":36,"column":2},"end":{"line":38,"column":36}},"type":"cond-expr","locations":[{"start":{"line":37,"column":6},"end":{"line":37,"column":7}},{"start":{"line":38,"column":6},"end":{"line":38,"column":36}}],"line":36}},"s":{"0":5,"1":5,"2":5,"3":9,"4":6,"5":2,"6":1,"7":5,"8":6,"9":6,"10":6,"11":5,"12":6,"13":5,"14":2,"15":4},"f":{"0":9,"1":6,"2":6,"3":2,"4":4},"b":{"0":[6,2,1],"1":[6,1],"2":[5,1]},"_coverageSchema":"1a1c01bbd47fc00a2c39e90264f33305004495a9","hash":"30c6a33ced6b76a408146befa09fe9fd72014bff"}
,"/home/mickael/dev/colorpicker/src/reducers/languageReducer.js": {"path":"/home/mickael/dev/colorpicker/src/reducers/languageReducer.js","statementMap":{"0":{"start":{"line":2,"column":23},"end":{"line":5,"column":2}},"1":{"start":{"line":7,"column":27},"end":{"line":10,"column":1}},"2":{"start":{"line":12,"column":23},"end":{"line":14,"column":2}},"3":{"start":{"line":16,"column":23},"end":{"line":23,"column":1}},"4":{"start":{"line":17,"column":2},"end":{"line":22,"column":3}},"5":{"start":{"line":19,"column":6},"end":{"line":19,"column":46}},"6":{"start":{"line":21,"column":6},"end":{"line":21,"column":19}},"7":{"start":{"line":25,"column":18},"end":{"line":47,"column":1}},"8":{"start":{"line":26,"column":20},"end":{"line":26,"column":34}},"9":{"start":{"line":27,"column":2},"end":{"line":29,"column":3}},"10":{"start":{"line":28,"column":4},"end":{"line":28,"column":17}},"11":{"start":{"line":32,"column":2},"end":{"line":41,"column":3}},"12":{"start":{"line":34,"column":6},"end":{"line":34,"column":48}},"13":{"start":{"line":35,"column":6},"end":{"line":35,"column":12}},"14":{"start":{"line":37,"column":6},"end":{"line":37,"column":48}},"15":{"start":{"line":38,"column":6},"end":{"line":38,"column":12}},"16":{"start":{"line":40,"column":6},"end":{"line":40,"column":19}},"17":{"start":{"line":43,"column":2},"end":{"line":46,"column":4}}},"fnMap":{"0":{"name":"(anonymous_0)","decl":{"start":{"line":16,"column":23},"end":{"line":16,"column":24}},"loc":{"start":{"line":16,"column":42},"end":{"line":23,"column":1}},"line":16},"1":{"name":"(anonymous_1)","decl":{"start":{"line":25,"column":18},"end":{"line":25,"column":19}},"loc":{"start":{"line":25,"column":38},"end":{"line":47,"column":1}},"line":25}},"branchMap":{"0":{"loc":{"start":{"line":17,"column":2},"end":{"line":22,"column":3}},"type":"switch","locations":[{"start":{"line":18,"column":4},"end":{"line":19,"column":46}},{"start":{"line":20,"column":4},"end":{"line":21,"column":19}}],"line":17},"1":{"loc":{"start":{"line":27,"column":2},"end":{"line":29,"column":3}},"type":"if","locations":[{"start":{"line":27,"column":2},"end":{"line":29,"column":3}},{"start":{"line":27,"column":2},"end":{"line":29,"column":3}}],"line":27},"2":{"loc":{"start":{"line":32,"column":2},"end":{"line":41,"column":3}},"type":"switch","locations":[{"start":{"line":33,"column":4},"end":{"line":35,"column":12}},{"start":{"line":36,"column":4},"end":{"line":38,"column":12}},{"start":{"line":39,"column":4},"end":{"line":40,"column":19}}],"line":32}},"s":{"0":5,"1":5,"2":5,"3":5,"4":8,"5":7,"6":1,"7":5,"8":7,"9":7,"10":3,"11":4,"12":1,"13":1,"14":2,"15":2,"16":1,"17":3},"f":{"0":8,"1":7},"b":{"0":[7,1],"1":[3,4],"2":[1,2,1]},"_coverageSchema":"1a1c01bbd47fc00a2c39e90264f33305004495a9","hash":"9b210116f3d892196974cbfef3c9effc8344b061"}
,"/home/mickael/dev/colorpicker/src/screens/CreateColorScreen/index.js": {"path":"/home/mickael/dev/colorpicker/src/screens/CreateColorScreen/index.js","statementMap":{"0":{"start":{"line":8,"column":26},"end":{"line":41,"column":1}},"1":{"start":{"line":9,"column":23},"end":{"line":9,"column":34}},"2":{"start":{"line":10,"column":24},"end":{"line":10,"column":35}},"3":{"start":{"line":11,"column":28},"end":{"line":11,"column":39}},"4":{"start":{"line":12,"column":26},"end":{"line":12,"column":37}},"5":{"start":{"line":13,"column":26},"end":{"line":13,"column":38}},"6":{"start":{"line":14,"column":19},"end":{"line":14,"column":36}},"7":{"start":{"line":16,"column":16},"end":{"line":16,"column":46}},"8":{"start":{"line":17,"column":19},"end":{"line":23,"column":3}},"9":{"start":{"line":18,"column":4},"end":{"line":21,"column":7}},"10":{"start":{"line":22,"column":4},"end":{"line":22,"column":24}},"11":{"start":{"line":25,"column":20},"end":{"line":25,"column":64}},"12":{"start":{"line":26,"column":2},"end":{"line":40,"column":4}},"13":{"start":{"line":31,"column":77},"end":{"line":31,"column":89}},"14":{"start":{"line":32,"column":48},"end":{"line":32,"column":59}},"15":{"start":{"line":33,"column":50},"end":{"line":33,"column":63}},"16":{"start":{"line":34,"column":49},"end":{"line":34,"column":61}}},"fnMap":{"0":{"name":"(anonymous_0)","decl":{"start":{"line":8,"column":26},"end":{"line":8,"column":27}},"loc":{"start":{"line":8,"column":46},"end":{"line":41,"column":1}},"line":8},"1":{"name":"(anonymous_1)","decl":{"start":{"line":17,"column":19},"end":{"line":17,"column":20}},"loc":{"start":{"line":17,"column":25},"end":{"line":23,"column":3}},"line":17},"2":{"name":"(anonymous_2)","decl":{"start":{"line":31,"column":70},"end":{"line":31,"column":71}},"loc":{"start":{"line":31,"column":77},"end":{"line":31,"column":89}},"line":31},"3":{"name":"(anonymous_3)","decl":{"start":{"line":32,"column":41},"end":{"line":32,"column":42}},"loc":{"start":{"line":32,"column":48},"end":{"line":32,"column":59}},"line":32},"4":{"name":"(anonymous_4)","decl":{"start":{"line":33,"column":43},"end":{"line":33,"column":44}},"loc":{"start":{"line":33,"column":50},"end":{"line":33,"column":63}},"line":33},"5":{"name":"(anonymous_5)","decl":{"start":{"line":34,"column":42},"end":{"line":34,"column":43}},"loc":{"start":{"line":34,"column":49},"end":{"line":34,"column":61}},"line":34}},"branchMap":{"0":{"loc":{"start":{"line":25,"column":20},"end":{"line":25,"column":64}},"type":"cond-expr","locations":[{"start":{"line":25,"column":47},"end":{"line":25,"column":54}},{"start":{"line":25,"column":57},"end":{"line":25,"column":64}}],"line":25}},"s":{"0":1,"1":6,"2":6,"3":6,"4":6,"5":6,"6":6,"7":6,"8":6,"9":1,"10":1,"11":6,"12":6,"13":1,"14":1,"15":1,"16":1},"f":{"0":6,"1":1,"2":1,"3":1,"4":1,"5":1},"b":{"0":[2,4]},"_coverageSchema":"1a1c01bbd47fc00a2c39e90264f33305004495a9","hash":"616a21ff783bb7fddc2b6b56ac22a95982958f75"}
,"/home/mickael/dev/colorpicker/src/screens/CreateColorScreen/style.js": {"path":"/home/mickael/dev/colorpicker/src/screens/CreateColorScreen/style.js","statementMap":{"0":{"start":{"line":3,"column":14},"end":{"line":13,"column":2}}},"fnMap":{},"branchMap":{},"s":{"0":1},"f":{},"b":{},"_coverageSchema":"1a1c01bbd47fc00a2c39e90264f33305004495a9","hash":"2ef17847e585285e7189e6e4ee6a94fef5b35e46"}
,"/home/mickael/dev/colorpicker/src/screens/MainScreen/index.js": {"path":"/home/mickael/dev/colorpicker/src/screens/MainScreen/index.js","statementMap":{"0":{"start":{"line":8,"column":19},"end":{"line":15,"column":1}},"1":{"start":{"line":9,"column":2},"end":{"line":14,"column":4}},"2":{"start":{"line":12,"column":40},"end":{"line":12,"column":69}},"3":{"start":{"line":17,"column":25},"end":{"line":28,"column":1}},"4":{"start":{"line":18,"column":20},"end":{"line":18,"column":31}},"5":{"start":{"line":19,"column":2},"end":{"line":27,"column":4}},"6":{"start":{"line":22,"column":29},"end":{"line":22,"column":42}},"7":{"start":{"line":24,"column":8},"end":{"line":24,"column":33}},"8":{"start":{"line":30,"column":25},"end":{"line":51,"column":1}},"9":{"start":{"line":31,"column":23},"end":{"line":31,"column":34}},"10":{"start":{"line":32,"column":35},"end":{"line":32,"column":45}},"11":{"start":{"line":33,"column":21},"end":{"line":33,"column":45}},"12":{"start":{"line":34,"column":21},"end":{"line":38,"column":6}},"13":{"start":{"line":35,"column":4},"end":{"line":38,"column":6}},"14":{"start":{"line":40,"column":2},"end":{"line":50,"column":4}}},"fnMap":{"0":{"name":"(anonymous_0)","decl":{"start":{"line":8,"column":19},"end":{"line":8,"column":20}},"loc":{"start":{"line":8,"column":39},"end":{"line":15,"column":1}},"line":8},"1":{"name":"(anonymous_1)","decl":{"start":{"line":12,"column":34},"end":{"line":12,"column":35}},"loc":{"start":{"line":12,"column":40},"end":{"line":12,"column":69}},"line":12},"2":{"name":"(anonymous_2)","decl":{"start":{"line":17,"column":25},"end":{"line":17,"column":26}},"loc":{"start":{"line":17,"column":34},"end":{"line":28,"column":1}},"line":17},"3":{"name":"(anonymous_3)","decl":{"start":{"line":22,"column":20},"end":{"line":22,"column":21}},"loc":{"start":{"line":22,"column":29},"end":{"line":22,"column":42}},"line":22},"4":{"name":"(anonymous_4)","decl":{"start":{"line":23,"column":18},"end":{"line":23,"column":19}},"loc":{"start":{"line":24,"column":8},"end":{"line":24,"column":33}},"line":24},"5":{"name":"(anonymous_5)","decl":{"start":{"line":30,"column":25},"end":{"line":30,"column":26}},"loc":{"start":{"line":30,"column":34},"end":{"line":51,"column":1}},"line":30},"6":{"name":"(anonymous_6)","decl":{"start":{"line":34,"column":21},"end":{"line":34,"column":22}},"loc":{"start":{"line":35,"column":4},"end":{"line":38,"column":6}},"line":35}},"branchMap":{"0":{"loc":{"start":{"line":33,"column":21},"end":{"line":33,"column":45}},"type":"cond-expr","locations":[{"start":{"line":33,"column":28},"end":{"line":33,"column":35}},{"start":{"line":33,"column":38},"end":{"line":33,"column":45}}],"line":33}},"s":{"0":1,"1":1,"2":1,"3":1,"4":4,"5":4,"6":1,"7":1,"8":1,"9":2,"10":2,"11":2,"12":2,"13":1,"14":2},"f":{"0":1,"1":1,"2":4,"3":1,"4":1,"5":2,"6":1},"b":{"0":[1,1]},"_coverageSchema":"1a1c01bbd47fc00a2c39e90264f33305004495a9","hash":"a2074554af4219e50ded383b1fbdadef16065c8a"}
,"/home/mickael/dev/colorpicker/src/screens/MainScreen/style.js": {"path":"/home/mickael/dev/colorpicker/src/screens/MainScreen/style.js","statementMap":{"0":{"start":{"line":3,"column":14},"end":{"line":18,"column":2}}},"fnMap":{},"branchMap":{},"s":{"0":1},"f":{},"b":{},"_coverageSchema":"1a1c01bbd47fc00a2c39e90264f33305004495a9","hash":"b0769b386c75d758a6a34e17a623e0262cff0d70"}
,"/home/mickael/dev/colorpicker/src/utils/index.js": {"path":"/home/mickael/dev/colorpicker/src/utils/index.js","statementMap":{"0":{"start":{"line":1,"column":21},"end":{"line":1,"column":69}},"1":{"start":{"line":1,"column":28},"end":{"line":1,"column":69}},"2":{"start":{"line":2,"column":28},"end":{"line":3,"column":47}},"3":{"start":{"line":3,"column":2},"end":{"line":3,"column":47}},"4":{"start":{"line":4,"column":22},"end":{"line":5,"column":58}},"5":{"start":{"line":5,"column":2},"end":{"line":5,"column":58}}},"fnMap":{"0":{"name":"(anonymous_0)","decl":{"start":{"line":1,"column":21},"end":{"line":1,"column":22}},"loc":{"start":{"line":1,"column":28},"end":{"line":1,"column":69}},"line":1},"1":{"name":"(anonymous_1)","decl":{"start":{"line":2,"column":28},"end":{"line":2,"column":29}},"loc":{"start":{"line":3,"column":2},"end":{"line":3,"column":47}},"line":3},"2":{"name":"(anonymous_2)","decl":{"start":{"line":4,"column":22},"end":{"line":4,"column":23}},"loc":{"start":{"line":5,"column":2},"end":{"line":5,"column":58}},"line":5}},"branchMap":{},"s":{"0":6,"1":41,"2":6,"3":13,"4":6,"5":14},"f":{"0":41,"1":13,"2":14},"b":{},"_coverageSchema":"1a1c01bbd47fc00a2c39e90264f33305004495a9","hash":"c6e0d05c3d0467718768ee0807b6b11e603f5720"}
}
