TN:
SF:src/components/FloatingAddButton/index.js
FN:5,(anonymous_0)
FNF:1
FNH:1
FNDA:2,(anonymous_0)
DA:5,2
DA:6,2
LF:2
LH:2
BRF:0
BRH:0
end_of_record
TN:
SF:src/components/FloatingAddButton/style.js
FNF:0
FNH:0
DA:3,2
LF:1
LH:1
BRF:0
BRH:0
end_of_record
TN:
SF:src/contexts/ColorContext.js
FN:6,(anonymous_0)
FNF:1
FNH:1
FNDA:9,(anonymous_0)
DA:4,4
DA:6,4
DA:7,9
DA:8,9
LF:4
LH:4
BRF:0
BRH:0
end_of_record
TN:
SF:src/contexts/LanguageContext.js
FN:7,(anonymous_0)
FN:10,(anonymous_1)
FNF:2
FNH:2
FNDA:3,(anonymous_0)
FNDA:2,(anonymous_1)
DA:5,4
DA:7,4
DA:8,3
DA:10,3
DA:12,2
DA:13,2
DA:19,3
LF:7
LH:7
BRF:0
BRH:0
end_of_record
TN:
SF:src/hooks/index.js
FN:10,(anonymous_0)
FN:11,(anonymous_1)
FNF:2
FNH:2
FNDA:17,(anonymous_0)
FNDA:8,(anonymous_1)
DA:7,4
DA:8,4
DA:10,17
DA:11,8
LF:4
LH:4
BRF:0
BRH:0
end_of_record
TN:
SF:src/reducers/colorReducer.js
FN:10,(anonymous_0)
FN:21,(anonymous_1)
FN:35,(anonymous_2)
FN:40,(anonymous_3)
FN:41,(anonymous_4)
FNF:5
FNH:5
FNDA:9,(anonymous_0)
FNDA:6,(anonymous_1)
FNDA:6,(anonymous_2)
FNDA:2,(anonymous_3)
FNDA:4,(anonymous_4)
DA:3,5
DA:5,5
DA:10,5
DA:11,9
DA:13,6
DA:15,2
DA:17,1
DA:21,5
DA:22,6
DA:23,6
DA:24,6
DA:35,5
DA:36,6
DA:40,5
DA:41,4
LF:15
LH:15
BRDA:11,0,0,6
BRDA:11,0,1,2
BRDA:11,0,2,1
BRDA:29,1,0,6
BRDA:29,1,1,1
BRDA:36,2,0,5
BRDA:36,2,1,1
BRF:7
BRH:7
end_of_record
TN:
SF:src/reducers/languageReducer.js
FN:16,(anonymous_0)
FN:25,(anonymous_1)
FNF:2
FNH:2
FNDA:8,(anonymous_0)
FNDA:7,(anonymous_1)
DA:2,5
DA:7,5
DA:12,5
DA:16,5
DA:17,8
DA:19,7
DA:21,1
DA:25,5
DA:26,7
DA:27,7
DA:28,3
DA:32,4
DA:34,1
DA:35,1
DA:37,2
DA:38,2
DA:40,1
DA:43,3
LF:18
LH:18
BRDA:17,0,0,7
BRDA:17,0,1,1
BRDA:27,1,0,3
BRDA:27,1,1,4
BRDA:32,2,0,1
BRDA:32,2,1,2
BRDA:32,2,2,1
BRF:7
BRH:7
end_of_record
TN:
SF:src/screens/CreateColorScreen/index.js
FN:8,(anonymous_0)
FN:17,(anonymous_1)
FN:31,(anonymous_2)
FN:32,(anonymous_3)
FN:33,(anonymous_4)
FN:34,(anonymous_5)
FNF:6
FNH:6
FNDA:6,(anonymous_0)
FNDA:1,(anonymous_1)
FNDA:1,(anonymous_2)
FNDA:1,(anonymous_3)
FNDA:1,(anonymous_4)
FNDA:1,(anonymous_5)
DA:8,1
DA:9,6
DA:10,6
DA:11,6
DA:12,6
DA:13,6
DA:14,6
DA:16,6
DA:17,6
DA:18,1
DA:22,1
DA:25,6
DA:26,6
DA:31,1
DA:32,1
DA:33,1
DA:34,1
LF:17
LH:17
BRDA:25,0,0,2
BRDA:25,0,1,4
BRF:2
BRH:2
end_of_record
TN:
SF:src/screens/CreateColorScreen/style.js
FNF:0
FNH:0
DA:3,1
LF:1
LH:1
BRF:0
BRH:0
end_of_record
TN:
SF:src/screens/MainScreen/index.js
FN:8,(anonymous_0)
FN:12,(anonymous_1)
FN:17,(anonymous_2)
FN:22,(anonymous_3)
FN:23,(anonymous_4)
FN:30,(anonymous_5)
FN:34,(anonymous_6)
FNF:7
FNH:7
FNDA:1,(anonymous_0)
FNDA:1,(anonymous_1)
FNDA:4,(anonymous_2)
FNDA:1,(anonymous_3)
FNDA:1,(anonymous_4)
FNDA:2,(anonymous_5)
FNDA:1,(anonymous_6)
DA:8,1
DA:9,1
DA:12,1
DA:17,1
DA:18,4
DA:19,4
DA:22,1
DA:24,1
DA:30,1
DA:31,2
DA:32,2
DA:33,2
DA:34,2
DA:35,1
DA:40,2
LF:15
LH:15
BRDA:33,0,0,1
BRDA:33,0,1,1
BRF:2
BRH:2
end_of_record
TN:
SF:src/screens/MainScreen/style.js
FNF:0
FNH:0
DA:3,1
LF:1
LH:1
BRF:0
BRH:0
end_of_record
TN:
SF:src/utils/index.js
FN:1,(anonymous_0)
FN:2,(anonymous_1)
FN:4,(anonymous_2)
FNF:3
FNH:3
FNDA:41,(anonymous_0)
FNDA:13,(anonymous_1)
FNDA:14,(anonymous_2)
DA:1,41
DA:2,6
DA:3,13
DA:4,6
DA:5,14
LF:5
LH:5
BRF:0
BRH:0
end_of_record
